
---------- Resource Summary (begin) ----------
Inputs: 1 / 96 (1.04%)
Outputs: 10 / 113 (8.85%)
Clocks: 0 / 16 (0.00%)
Logic Elements: 69 / 7384 (0.93%)
	LE: LUTs/Adders: 69 / 7384 (0.93%)
	LE: Registers: 0 / 5280 (0.00%)
Memory Blocks: 0 / 24 (0.00%)
Multipliers: 0 / 8 (0.00%)
---------- Resource Summary (end) ----------


---------- Resource Summary (begin) ----------
Inputs: 1 / 96 (1.04%)
Outputs: 10 / 113 (8.85%)
Clocks: 0 / 16 (0.00%)
Logic Elements: 69 / 7384 (0.93%)
	LE: LUTs/Adders: 69 / 7384 (0.93%)
	LE: Registers: 0 / 5280 (0.00%)
Memory Blocks: 0 / 24 (0.00%)
Multipliers: 0 / 8 (0.00%)
---------- Resource Summary (end) ----------

