
Efinix FPGA Placement and Routing.
Version: 2021.1.165 
Date: Wed Jan 05 17:11:47 2022

Copyright (C) 2013 - 2021 Efinix Inc. All rights reserved.
 
Family: Trion 
Device: T8F81
Top-level Entity Name: obstacle_whicle
Elapsed time for packing: 0 hours 0 minutes 0 seconds

---------- Resource Summary (begin) ----------
Inputs: 1 / 96 (1.04%)
Outputs: 10 / 113 (8.85%)
Clocks: 0 / 16 (0.00%)
Logic Elements: 69 / 7384 (0.93%)
	LE: LUTs/Adders: 69 / 7384 (0.93%)
	LE: Registers: 0 / 5280 (0.00%)
Memory Blocks: 0 / 24 (0.00%)
Multipliers: 0 / 8 (0.00%)
---------- Resource Summary (end) ----------


---------- IO Interface Summary (begin) ----------

+------------------------+--------------+
| Missing Interface Pins | Input/Output |
+------------------------+--------------+
|        echo[2]         |    Input     |
|        echo[1]         |    Input     |
|        echo[0]         |    Input     |
+------------------------+--------------+

----------- IO Interface Summary (end) ----------


---------- IO Placement Summary (begin) ----------

+----------------------+--------------+
| Unassigned Core Pins | Input/Output |
+----------------------+--------------+
|   motor_L_forward    |    Output    |
|   motor_R_forward    |    Output    |
|   motor_L_backward   |    Output    |
|   motor_R_backward   |    Output    |
+----------------------+--------------+

----------- IO Placement Summary (end) ----------

Elapsed time for placement: 0 hours 0 minutes 1 seconds
