
Efinity Interface Designer Timing Report
Version: 2021.1.165
Date: 2022-01-05 17:11

Copyright (C) 2017 - 2021 Efinix Inc. All rights reserved.

Device: T8F81
Project: obstacle_whicle
Timing Model: C2 (final)

---------- 1. GPIO Timing Report (begin) ----------

Non-registered GPIO Configuration:
===================================

+---------------+------------+-----------+----------+----------+
| Instance Name |  Pin Name  | Parameter | Max (ns) | Min (ns) |
+---------------+------------+-----------+----------+----------+
|    echo[0]    |  echo[0]   |  GPIO_IN  |  1.954   |  0.698   |
|    echo[1]    |  echo[1]   |  GPIO_IN  |  1.954   |  0.698   |
|    echo[2]    |  echo[2]   |  GPIO_IN  |  1.954   |  0.698   |
|    fpgaclk    |  fpgaclk   |  GPIO_IN  |  1.954   |  0.698   |
|     led[0]    |   led[0]   |  GPIO_OUT |  5.361   |  1.915   |
|     led[1]    |   led[1]   |  GPIO_OUT |  5.361   |  1.915   |
|     led[2]    |   led[2]   |  GPIO_OUT |  5.361   |  1.915   |
|   trigger[0]  | trigger[0] |  GPIO_OUT |  5.361   |  1.915   |
|   trigger[1]  | trigger[1] |  GPIO_OUT |  5.361   |  1.915   |
|   trigger[2]  | trigger[2] |  GPIO_OUT |  5.361   |  1.915   |
+---------------+------------+-----------+----------+----------+

---------- GPIO Timing Report (end) ----------
